c:\users\fedor\source\repos\flappyman\flappyman\debug\vc142.pdb
c:\users\fedor\source\repos\flappyman\flappyman\debug\vc142.idb
c:\users\fedor\source\repos\flappyman\flappyman\debug\source.obj
c:\users\fedor\source\repos\flappyman\flappyman\debug\vcpkg.applocal.log
c:\users\fedor\source\repos\flappyman\debug\sfml-graphics-d-2.dll
c:\users\fedor\source\repos\flappyman\debug\sfml-window-d-2.dll
c:\users\fedor\source\repos\flappyman\debug\sfml-system-d-2.dll
c:\users\fedor\source\repos\flappyman\debug\freetyped.dll
c:\users\fedor\source\repos\flappyman\debug\zlibd1.dll
c:\users\fedor\source\repos\flappyman\debug\bz2d.dll
c:\users\fedor\source\repos\flappyman\debug\libpng16d.dll
c:\users\fedor\source\repos\flappyman\debug\flappyman.exe
c:\users\fedor\source\repos\flappyman\debug\flappyman.ilk
c:\users\fedor\source\repos\flappyman\debug\flappyman.pdb
c:\users\fedor\source\repos\flappyman\flappyman\debug\flappyman.tlog\cl.command.1.tlog
c:\users\fedor\source\repos\flappyman\flappyman\debug\flappyman.tlog\cl.read.1.tlog
c:\users\fedor\source\repos\flappyman\flappyman\debug\flappyman.tlog\cl.write.1.tlog
c:\users\fedor\source\repos\flappyman\flappyman\debug\flappyman.tlog\flappyman.write.1u.tlog
c:\users\fedor\source\repos\flappyman\flappyman\debug\flappyman.tlog\link.command.1.tlog
c:\users\fedor\source\repos\flappyman\flappyman\debug\flappyman.tlog\link.read.1.tlog
c:\users\fedor\source\repos\flappyman\flappyman\debug\flappyman.tlog\link.write.1.tlog
